TN:
SF:src/index.mjs
FN:11,(anonymous_0)
FN:22,(anonymous_1)
FN:34,(anonymous_2)
FN:35,(anonymous_3)
FN:36,(anonymous_4)
FN:37,(anonymous_5)
FN:43,(anonymous_6)
FN:53,(anonymous_7)
FN:54,getEnvSecret
FN:76,(anonymous_9)
FN:92,(anonymous_10)
FN:128,(anonymous_11)
FN:156,(anonymous_12)
FN:160,(anonymous_13)
FN:179,(anonymous_14)
FN:193,(anonymous_15)
FN:197,(anonymous_16)
FN:198,(anonymous_17)
FN:199,(anonymous_18)
FN:208,(anonymous_19)
FN:220,(anonymous_20)
FN:222,(anonymous_21)
FNF:22
FNH:21
FNDA:0,(anonymous_0)
FNDA:5,(anonymous_1)
FNDA:66,(anonymous_2)
FNDA:29,(anonymous_3)
FNDA:29,(anonymous_4)
FNDA:81,(anonymous_5)
FNDA:9,(anonymous_6)
FNDA:9,(anonymous_7)
FNDA:9,getEnvSecret
FNDA:9,(anonymous_9)
FNDA:7,(anonymous_10)
FNDA:12,(anonymous_11)
FNDA:27,(anonymous_12)
FNDA:11,(anonymous_13)
FNDA:25,(anonymous_14)
FNDA:7,(anonymous_15)
FNDA:102,(anonymous_16)
FNDA:45,(anonymous_17)
FNDA:45,(anonymous_18)
FNDA:7,(anonymous_19)
FNDA:9,(anonymous_20)
FNDA:16,(anonymous_21)
DA:12,0
DA:15,0
DA:18,0
DA:23,5
DA:31,5
DA:34,66
DA:35,29
DA:37,81
DA:38,29
DA:39,29
DA:42,3
DA:44,9
DA:45,9
DA:46,9
DA:49,3
DA:55,9
DA:56,9
DA:57,9
DA:58,1
DA:60,9
DA:61,9
DA:64,9
DA:75,9
DA:77,9
DA:78,9
DA:80,6
DA:81,6
DA:83,6
DA:85,4
DA:86,4
DA:87,4
DA:88,4
DA:90,2
DA:93,7
DA:94,7
DA:95,7
DA:97,7
DA:98,5
DA:99,5
DA:100,5
DA:101,5
DA:102,5
DA:104,2
DA:106,7
DA:109,2
DA:111,0
DA:114,6
DA:115,6
DA:118,9
DA:119,9
DA:120,1
DA:122,8
DA:124,8
DA:129,12
DA:132,12
DA:133,12
DA:135,3
DA:146,12
DA:147,1
DA:154,11
DA:155,11
DA:157,27
DA:158,27
DA:159,5
DA:161,11
DA:162,11
DA:163,3
DA:165,11
DA:168,22
DA:170,27
DA:173,11
DA:174,2
DA:177,9
DA:180,25
DA:181,8
DA:182,6
DA:184,17
DA:186,23
DA:189,9
DA:194,7
DA:197,102
DA:198,45
DA:200,45
DA:201,45
DA:204,5
DA:209,7
DA:210,7
DA:211,7
DA:212,6
DA:213,4
DA:215,3
DA:221,9
DA:222,16
DA:223,9
DA:224,4
DA:225,4
DA:227,5
DA:228,5
DA:229,5
DA:234,12
DA:235,12
DA:236,4
DA:237,4
DA:240,8
DA:241,8
DA:243,7
DA:245,1
LF:107
LH:103
BRDA:34,0,0,66
BRDA:34,0,1,53
BRDA:34,0,2,29
BRDA:38,1,0,6
BRDA:38,1,1,23
BRDA:45,2,0,3
BRDA:45,2,1,6
BRDA:57,3,0,1
BRDA:57,3,1,8
BRDA:77,4,0,9
BRDA:78,5,0,3
BRDA:78,5,1,6
BRDA:83,6,0,4
BRDA:83,6,1,2
BRDA:83,6,2,0
BRDA:86,7,0,1
BRDA:86,7,1,3
BRDA:93,8,0,0
BRDA:93,8,1,7
BRDA:97,9,0,5
BRDA:97,9,1,2
BRDA:97,10,0,7
BRDA:97,10,1,5
BRDA:100,11,0,0
BRDA:100,11,1,5
BRDA:101,12,0,0
BRDA:101,12,1,5
BRDA:119,13,0,1
BRDA:119,13,1,8
BRDA:128,14,0,3
BRDA:133,15,0,3
BRDA:133,15,1,9
BRDA:146,16,0,1
BRDA:146,16,1,11
BRDA:158,17,0,5
BRDA:158,17,1,22
BRDA:162,18,0,3
BRDA:162,18,1,8
BRDA:173,19,0,2
BRDA:173,19,1,9
BRDA:180,20,0,8
BRDA:180,20,1,17
BRDA:181,21,0,2
BRDA:181,21,1,6
BRDA:182,22,0,4
BRDA:182,22,1,2
BRDA:197,23,0,102
BRDA:197,23,1,83
BRDA:197,23,2,46
BRDA:223,24,0,4
BRDA:223,24,1,5
BRDA:235,25,0,4
BRDA:235,25,1,8
BRF:53
BRH:49
end_of_record
TN:
SF:src/task/CommunityServer.mjs
FN:16,(anonymous_0)
FN:68,(anonymous_1)
FN:84,(anonymous_2)
FN:115,(anonymous_3)
FN:119,(anonymous_4)
FN:129,(anonymous_5)
FN:131,(anonymous_6)
FN:135,(anonymous_7)
FN:147,(anonymous_8)
FN:151,(anonymous_9)
FN:184,(anonymous_10)
FN:194,(anonymous_11)
FN:197,(anonymous_12)
FN:210,(anonymous_13)
FN:213,(anonymous_14)
FN:241,(anonymous_15)
FN:244,(anonymous_16)
FN:257,(anonymous_17)
FN:264,(anonymous_18)
FNF:19
FNH:11
FNDA:95,(anonymous_0)
FNDA:50,(anonymous_1)
FNDA:44,(anonymous_2)
FNDA:83,(anonymous_3)
FNDA:50,(anonymous_4)
FNDA:50,(anonymous_5)
FNDA:53,(anonymous_6)
FNDA:17,(anonymous_7)
FNDA:0,(anonymous_8)
FNDA:0,(anonymous_9)
FNDA:0,(anonymous_10)
FNDA:0,(anonymous_11)
FNDA:0,(anonymous_12)
FNDA:0,(anonymous_13)
FNDA:0,(anonymous_14)
FNDA:87,(anonymous_15)
FNDA:84,(anonymous_16)
FNDA:82,(anonymous_17)
FNDA:0,(anonymous_18)
DA:11,14
DA:12,14
DA:17,95
DA:21,93
DA:22,9
DA:23,9
DA:27,92
DA:28,3
DA:35,3
DA:38,92
DA:39,18
DA:40,18
DA:42,18
DA:45,92
DA:46,91
DA:48,91
DA:49,7
DA:50,84
DA:51,7
DA:52,77
DA:53,73
DA:55,4
DA:58,87
DA:61,87
DA:63,82
DA:67,80
DA:69,50
DA:70,50
DA:72,50
DA:73,8
DA:76,50
DA:83,80
DA:84,44
DA:86,80
DA:87,28
DA:90,80
DA:91,80
DA:100,4
DA:101,2
DA:102,2
DA:103,2
DA:104,2
DA:105,2
DA:106,2
DA:108,2
DA:111,76
DA:116,83
DA:118,82
DA:120,50
DA:121,50
DA:122,50
DA:123,50
DA:124,50
DA:127,81
DA:128,81
DA:130,50
DA:131,53
DA:132,50
DA:133,50
DA:134,22
DA:135,22
DA:136,17
DA:137,17
DA:138,17
DA:141,50
DA:147,81
DA:148,0
DA:150,0
DA:153,0
DA:154,0
DA:155,0
DA:160,0
DA:164,0
DA:166,0
DA:175,0
DA:177,0
DA:178,0
DA:184,50
DA:185,0
DA:186,0
DA:188,0
DA:189,0
DA:192,0
DA:193,0
DA:195,0
DA:196,0
DA:197,0
DA:198,0
DA:199,0
DA:200,0
DA:203,0
DA:204,0
DA:205,0
DA:208,0
DA:209,0
DA:210,0
DA:211,0
DA:212,0
DA:213,0
DA:215,0
DA:218,0
DA:221,0
DA:223,0
DA:231,0
DA:233,0
DA:234,0
DA:241,87
DA:242,87
DA:244,86
DA:245,84
DA:246,2
DA:247,1
DA:248,1
DA:249,1
DA:250,1
DA:251,1
DA:252,1
DA:253,1
DA:255,1
DA:257,82
DA:258,82
DA:259,82
DA:264,83
DA:265,0
DA:266,0
DA:267,0
DA:268,0
DA:269,0
DA:270,0
DA:271,0
DA:272,0
DA:274,0
LF:132
LH:84
BRDA:21,0,0,9
BRDA:21,0,1,83
BRDA:22,1,0,5
BRDA:22,1,1,4
BRDA:27,2,0,3
BRDA:27,2,1,89
BRDA:38,3,0,18
BRDA:38,3,1,74
BRDA:48,4,0,7
BRDA:48,4,1,84
BRDA:50,5,0,7
BRDA:50,5,1,77
BRDA:52,6,0,73
BRDA:52,6,1,4
BRDA:69,7,0,48
BRDA:70,8,0,50
BRDA:70,8,1,8
BRDA:72,9,0,8
BRDA:72,9,1,42
BRDA:72,10,0,50
BRDA:72,10,1,13
BRDA:86,11,0,28
BRDA:86,11,1,52
BRDA:100,12,0,2
BRDA:100,12,1,2
BRDA:100,13,0,4
BRDA:100,13,1,3
BRDA:115,14,0,1
BRDA:115,15,0,1
BRDA:123,16,0,0
BRDA:123,16,1,50
BRDA:132,17,0,50
BRDA:132,17,1,8
BRDA:133,18,0,22
BRDA:133,18,1,28
BRDA:136,19,0,17
BRDA:136,19,1,2
BRDA:137,20,0,17
BRDA:137,20,1,2
BRDA:183,21,0,0
BRDA:188,22,0,0
BRDA:188,23,0,0
BRDA:188,24,0,0
BRDA:188,24,1,0
BRDA:192,25,0,0
BRDA:192,25,1,0
BRDA:195,26,0,0
BRDA:195,26,1,0
BRDA:196,27,0,0
BRDA:196,27,1,0
BRDA:196,28,0,0
BRDA:196,28,1,0
BRDA:198,29,0,0
BRDA:198,29,1,0
BRDA:199,30,0,0
BRDA:199,30,1,0
BRDA:203,31,0,0
BRDA:203,31,1,0
BRDA:203,31,2,0
BRDA:204,32,0,0
BRDA:204,32,1,0
BRDA:204,32,2,0
BRDA:208,33,0,0
BRDA:208,33,1,0
BRDA:211,34,0,0
BRDA:211,34,1,0
BRDA:245,35,0,2
BRDA:245,35,1,82
BRDA:246,36,0,1
BRDA:246,36,1,1
BRDA:265,37,0,0
BRDA:265,37,1,0
BRF:72
BRH:42
end_of_record
TN:
SF:src/task/WebhookServer.mjs
FN:7,(anonymous_0)
FN:11,(anonymous_1)
FN:20,(anonymous_2)
FN:25,(anonymous_3)
FN:77,(anonymous_4)
FNF:5
FNH:5
FNDA:17,(anonymous_0)
FNDA:17,(anonymous_1)
FNDA:1,(anonymous_2)
FNDA:13,(anonymous_3)
FNDA:5,(anonymous_4)
DA:8,17
DA:9,17
DA:11,17
DA:12,17
DA:15,17
DA:20,17
DA:21,1
DA:22,1
DA:25,17
DA:26,13
DA:28,13
DA:30,13
DA:31,2
DA:32,2
DA:36,11
DA:37,11
DA:42,1
DA:43,1
DA:46,10
DA:47,1
DA:48,1
DA:52,9
DA:53,9
DA:55,1
DA:56,1
DA:59,8
DA:60,8
DA:61,8
DA:68,8
DA:69,8
DA:73,5
DA:75,5
DA:78,5
DA:79,1
DA:80,1
DA:83,4
DA:84,4
DA:88,3
DA:89,3
LF:39
LH:39
BRDA:30,0,0,2
BRDA:30,0,1,11
BRDA:30,1,0,13
BRDA:30,1,1,12
BRDA:46,2,0,1
BRDA:46,2,1,9
BRDA:68,3,0,8
BRDA:68,3,1,6
BRDA:69,4,0,5
BRDA:69,4,1,3
BRDA:70,5,0,8
BRDA:70,5,1,3
BRDA:70,5,2,6
BRDA:70,5,3,4
BRDA:78,6,0,1
BRDA:78,6,1,4
BRF:16
BRH:16
end_of_record
