TN:
SF:src/index.mjs
FN:11,(anonymous_0)
FN:22,(anonymous_1)
FN:34,(anonymous_2)
FN:35,(anonymous_3)
FN:36,(anonymous_4)
FN:37,(anonymous_5)
FN:43,(anonymous_6)
FN:53,(anonymous_7)
FN:54,getEnvSecret
FN:74,(anonymous_9)
FN:90,(anonymous_10)
FN:126,(anonymous_11)
FN:154,(anonymous_12)
FN:158,(anonymous_13)
FN:177,(anonymous_14)
FN:191,(anonymous_15)
FN:195,(anonymous_16)
FN:196,(anonymous_17)
FN:197,(anonymous_18)
FN:206,(anonymous_19)
FN:218,(anonymous_20)
FN:220,(anonymous_21)
FNF:22
FNH:21
FNDA:0,(anonymous_0)
FNDA:5,(anonymous_1)
FNDA:66,(anonymous_2)
FNDA:29,(anonymous_3)
FNDA:29,(anonymous_4)
FNDA:81,(anonymous_5)
FNDA:9,(anonymous_6)
FNDA:9,(anonymous_7)
FNDA:9,getEnvSecret
FNDA:9,(anonymous_9)
FNDA:7,(anonymous_10)
FNDA:12,(anonymous_11)
FNDA:27,(anonymous_12)
FNDA:11,(anonymous_13)
FNDA:25,(anonymous_14)
FNDA:7,(anonymous_15)
FNDA:102,(anonymous_16)
FNDA:45,(anonymous_17)
FNDA:45,(anonymous_18)
FNDA:7,(anonymous_19)
FNDA:9,(anonymous_20)
FNDA:16,(anonymous_21)
DA:12,0
DA:15,0
DA:18,0
DA:23,5
DA:31,5
DA:34,66
DA:35,29
DA:37,81
DA:38,29
DA:39,29
DA:42,3
DA:44,9
DA:45,9
DA:46,9
DA:49,3
DA:55,9
DA:56,9
DA:57,9
DA:58,1
DA:60,9
DA:61,9
DA:64,9
DA:73,9
DA:75,9
DA:76,9
DA:78,6
DA:79,6
DA:81,6
DA:83,4
DA:84,4
DA:85,4
DA:86,4
DA:88,2
DA:91,7
DA:92,7
DA:93,7
DA:95,7
DA:96,5
DA:97,5
DA:98,5
DA:99,5
DA:100,5
DA:102,2
DA:104,7
DA:107,2
DA:109,0
DA:112,6
DA:113,6
DA:116,9
DA:117,9
DA:118,1
DA:120,8
DA:122,8
DA:127,12
DA:130,12
DA:131,12
DA:133,3
DA:144,12
DA:145,1
DA:152,11
DA:153,11
DA:155,27
DA:156,27
DA:157,5
DA:159,11
DA:160,11
DA:161,3
DA:163,11
DA:166,22
DA:168,27
DA:171,11
DA:172,2
DA:175,9
DA:178,25
DA:179,8
DA:180,6
DA:182,17
DA:184,23
DA:187,9
DA:192,7
DA:195,102
DA:196,45
DA:198,45
DA:199,45
DA:202,5
DA:207,7
DA:208,7
DA:209,7
DA:210,6
DA:211,4
DA:213,3
DA:219,9
DA:220,16
DA:221,9
DA:222,4
DA:223,4
DA:225,5
DA:226,5
DA:227,5
DA:232,12
DA:233,12
DA:234,4
DA:235,4
DA:238,8
DA:239,8
DA:241,7
DA:243,1
LF:107
LH:103
BRDA:34,0,0,66
BRDA:34,0,1,53
BRDA:34,0,2,29
BRDA:38,1,0,6
BRDA:38,1,1,23
BRDA:45,2,0,3
BRDA:45,2,1,6
BRDA:57,3,0,1
BRDA:57,3,1,8
BRDA:76,4,0,3
BRDA:76,4,1,6
BRDA:81,5,0,4
BRDA:81,5,1,2
BRDA:81,5,2,0
BRDA:84,6,0,1
BRDA:84,6,1,3
BRDA:91,7,0,0
BRDA:91,7,1,7
BRDA:95,8,0,5
BRDA:95,8,1,2
BRDA:95,9,0,7
BRDA:95,9,1,5
BRDA:98,10,0,0
BRDA:98,10,1,5
BRDA:99,11,0,0
BRDA:99,11,1,5
BRDA:117,12,0,1
BRDA:117,12,1,8
BRDA:126,13,0,3
BRDA:131,14,0,3
BRDA:131,14,1,9
BRDA:144,15,0,1
BRDA:144,15,1,11
BRDA:156,16,0,5
BRDA:156,16,1,22
BRDA:160,17,0,3
BRDA:160,17,1,8
BRDA:171,18,0,2
BRDA:171,18,1,9
BRDA:178,19,0,8
BRDA:178,19,1,17
BRDA:179,20,0,2
BRDA:179,20,1,6
BRDA:180,21,0,4
BRDA:180,21,1,2
BRDA:195,22,0,102
BRDA:195,22,1,83
BRDA:195,22,2,46
BRDA:221,23,0,4
BRDA:221,23,1,5
BRDA:233,24,0,4
BRDA:233,24,1,8
BRF:52
BRH:48
end_of_record
TN:
SF:src/task/CommunityServer.mjs
FN:15,(anonymous_0)
FN:56,(anonymous_1)
FN:72,(anonymous_2)
FN:103,(anonymous_3)
FN:107,(anonymous_4)
FN:117,(anonymous_5)
FN:119,(anonymous_6)
FN:123,(anonymous_7)
FN:135,(anonymous_8)
FN:139,(anonymous_9)
FN:172,(anonymous_10)
FN:182,(anonymous_11)
FN:185,(anonymous_12)
FN:198,(anonymous_13)
FN:201,(anonymous_14)
FN:229,(anonymous_15)
FN:232,(anonymous_16)
FN:245,(anonymous_17)
FN:252,(anonymous_18)
FNF:19
FNH:11
FNDA:45,(anonymous_0)
FNDA:41,(anonymous_1)
FNDA:37,(anonymous_2)
FNDA:43,(anonymous_3)
FNDA:41,(anonymous_4)
FNDA:41,(anonymous_5)
FNDA:42,(anonymous_6)
FNDA:17,(anonymous_7)
FNDA:0,(anonymous_8)
FNDA:0,(anonymous_9)
FNDA:0,(anonymous_10)
FNDA:0,(anonymous_11)
FNDA:0,(anonymous_12)
FNDA:0,(anonymous_13)
FNDA:0,(anonymous_14)
FNDA:44,(anonymous_15)
FNDA:44,(anonymous_16)
FNDA:42,(anonymous_17)
FNDA:0,(anonymous_18)
DA:10,10
DA:11,10
DA:16,45
DA:20,45
DA:21,0
DA:23,0
DA:26,45
DA:27,10
DA:28,10
DA:30,10
DA:33,45
DA:34,45
DA:36,45
DA:37,4
DA:38,41
DA:39,5
DA:40,36
DA:41,35
DA:43,1
DA:46,44
DA:49,44
DA:51,42
DA:55,42
DA:57,41
DA:58,41
DA:60,41
DA:61,7
DA:64,41
DA:71,42
DA:72,37
DA:74,42
DA:75,20
DA:78,42
DA:79,42
DA:88,3
DA:89,2
DA:90,2
DA:91,2
DA:92,2
DA:93,2
DA:94,2
DA:96,1
DA:99,39
DA:104,43
DA:106,43
DA:108,41
DA:109,41
DA:110,41
DA:111,41
DA:112,41
DA:115,43
DA:116,43
DA:118,41
DA:119,42
DA:120,41
DA:121,41
DA:122,21
DA:123,21
DA:124,17
DA:125,17
DA:126,17
DA:129,41
DA:135,43
DA:136,0
DA:138,0
DA:141,0
DA:142,0
DA:143,0
DA:148,0
DA:152,0
DA:154,0
DA:163,0
DA:165,0
DA:166,0
DA:172,41
DA:173,0
DA:174,0
DA:176,0
DA:177,0
DA:180,0
DA:181,0
DA:183,0
DA:184,0
DA:185,0
DA:186,0
DA:187,0
DA:188,0
DA:191,0
DA:192,0
DA:193,0
DA:196,0
DA:197,0
DA:198,0
DA:199,0
DA:200,0
DA:201,0
DA:203,0
DA:206,0
DA:209,0
DA:211,0
DA:219,0
DA:221,0
DA:222,0
DA:229,44
DA:230,44
DA:232,44
DA:233,44
DA:234,2
DA:235,1
DA:236,1
DA:237,1
DA:238,1
DA:239,1
DA:240,1
DA:241,1
DA:243,1
DA:245,42
DA:246,42
DA:247,42
DA:252,43
DA:253,0
DA:254,0
DA:255,0
DA:256,0
DA:257,0
DA:258,0
DA:259,0
DA:260,0
DA:262,0
LF:129
LH:79
BRDA:20,0,0,0
BRDA:20,0,1,45
BRDA:26,1,0,10
BRDA:26,1,1,35
BRDA:36,2,0,4
BRDA:36,2,1,41
BRDA:38,3,0,5
BRDA:38,3,1,36
BRDA:40,4,0,35
BRDA:40,4,1,1
BRDA:57,5,0,39
BRDA:58,6,0,41
BRDA:58,6,1,6
BRDA:60,7,0,7
BRDA:60,7,1,34
BRDA:60,8,0,41
BRDA:60,8,1,9
BRDA:74,9,0,20
BRDA:74,9,1,22
BRDA:88,10,0,2
BRDA:88,10,1,1
BRDA:88,11,0,3
BRDA:88,11,1,2
BRDA:103,12,0,1
BRDA:103,13,0,1
BRDA:111,14,0,0
BRDA:111,14,1,41
BRDA:120,15,0,41
BRDA:120,15,1,6
BRDA:121,16,0,21
BRDA:121,16,1,20
BRDA:124,17,0,17
BRDA:124,17,1,2
BRDA:125,18,0,17
BRDA:125,18,1,2
BRDA:171,19,0,0
BRDA:176,20,0,0
BRDA:176,21,0,0
BRDA:176,22,0,0
BRDA:176,22,1,0
BRDA:180,23,0,0
BRDA:180,23,1,0
BRDA:183,24,0,0
BRDA:183,24,1,0
BRDA:184,25,0,0
BRDA:184,25,1,0
BRDA:184,26,0,0
BRDA:184,26,1,0
BRDA:186,27,0,0
BRDA:186,27,1,0
BRDA:187,28,0,0
BRDA:187,28,1,0
BRDA:191,29,0,0
BRDA:191,29,1,0
BRDA:191,29,2,0
BRDA:192,30,0,0
BRDA:192,30,1,0
BRDA:192,30,2,0
BRDA:196,31,0,0
BRDA:196,31,1,0
BRDA:199,32,0,0
BRDA:199,32,1,0
BRDA:233,33,0,2
BRDA:233,33,1,42
BRDA:234,34,0,1
BRDA:234,34,1,1
BRDA:253,35,0,0
BRDA:253,35,1,0
BRF:68
BRH:37
end_of_record
TN:
SF:src/task/WebhookServer.mjs
FN:7,(anonymous_0)
FN:11,(anonymous_1)
FN:20,(anonymous_2)
FN:25,(anonymous_3)
FN:77,(anonymous_4)
FNF:5
FNH:5
FNDA:17,(anonymous_0)
FNDA:17,(anonymous_1)
FNDA:1,(anonymous_2)
FNDA:13,(anonymous_3)
FNDA:5,(anonymous_4)
DA:8,17
DA:9,17
DA:11,17
DA:12,17
DA:15,17
DA:20,17
DA:21,1
DA:22,1
DA:25,17
DA:26,13
DA:28,13
DA:30,13
DA:31,2
DA:32,2
DA:36,11
DA:37,11
DA:42,1
DA:43,1
DA:46,10
DA:47,1
DA:48,1
DA:52,9
DA:53,9
DA:55,1
DA:56,1
DA:59,8
DA:60,8
DA:61,8
DA:68,8
DA:69,8
DA:73,5
DA:75,5
DA:78,5
DA:79,1
DA:80,1
DA:83,4
DA:84,4
DA:88,3
DA:89,3
LF:39
LH:39
BRDA:30,0,0,2
BRDA:30,0,1,11
BRDA:30,1,0,13
BRDA:30,1,1,12
BRDA:46,2,0,1
BRDA:46,2,1,9
BRDA:68,3,0,8
BRDA:68,3,1,6
BRDA:69,4,0,5
BRDA:69,4,1,3
BRDA:70,5,0,8
BRDA:70,5,1,3
BRDA:70,5,2,6
BRDA:70,5,3,4
BRDA:78,6,0,1
BRDA:78,6,1,4
BRF:16
BRH:16
end_of_record
